2018-03-28 12:34:23,927 INFO o.a.j.u.JMeterUtils: Setting Locale to en_US
2018-03-28 12:34:23,943 INFO o.a.j.JMeter: Loading user properties from: C:\jmeter\bin\user.properties
2018-03-28 12:34:23,944 INFO o.a.j.JMeter: Loading system properties from: C:\jmeter\bin\system.properties
2018-03-28 12:34:23,945 INFO o.a.j.JMeter: Setting JMeter property: jmeter.save.saveservice.output_format=xml
2018-03-28 12:34:23,945 INFO o.a.j.JMeter: Setting JMeter property: jmeter.save.saveservice.output_format=csv
2018-03-28 12:34:23,948 INFO o.a.j.JMeter: Copyright (c) 1998-2017 The Apache Software Foundation
2018-03-28 12:34:23,948 INFO o.a.j.JMeter: Version 3.3 r1808647
2018-03-28 12:34:23,948 INFO o.a.j.JMeter: java.version=1.8.0_161
2018-03-28 12:34:23,948 INFO o.a.j.JMeter: java.vm.name=Java HotSpot(TM) 64-Bit Server VM
2018-03-28 12:34:23,948 INFO o.a.j.JMeter: os.name=Windows 10
2018-03-28 12:34:23,948 INFO o.a.j.JMeter: os.arch=amd64
2018-03-28 12:34:23,948 INFO o.a.j.JMeter: os.version=10.0
2018-03-28 12:34:23,948 INFO o.a.j.JMeter: file.encoding=Cp1252
2018-03-28 12:34:23,948 INFO o.a.j.JMeter: Max memory     =536870912
2018-03-28 12:34:23,948 INFO o.a.j.JMeter: Available Processors =4
2018-03-28 12:34:23,954 INFO o.a.j.JMeter: Default Locale=English (United States)
2018-03-28 12:34:23,954 INFO o.a.j.JMeter: JMeter  Locale=English (United States)
2018-03-28 12:34:23,954 INFO o.a.j.JMeter: JMeterHome=C:\jmeter
2018-03-28 12:34:23,954 INFO o.a.j.JMeter: user.dir  =C:\Users\Lenovo\Documents\GitHub\ARCPerformance
2018-03-28 12:34:23,954 INFO o.a.j.JMeter: PWD       =C:\Users\Lenovo\Documents\GitHub\ARCPerformance
2018-03-28 12:34:33,064 INFO o.a.j.JMeter: IP: 169.254.255.64 Name: G10GNLT049 FullName: G10GNLT049
2018-03-28 12:34:33,067 INFO o.a.j.JMeter: Setting property 'jmeter.reportgenerator.outputdir' to:'C:\Report'
2018-03-28 12:34:33,068 INFO o.a.j.s.FileServer: Default base='C:\Users\Lenovo\Documents\GitHub\ARCPerformance'
2018-03-28 12:34:33,068 INFO o.a.j.s.FileServer: Set new base='C:\Users\Lenovo\Documents\ARCPerformance\performance'
2018-03-28 12:34:33,328 INFO o.a.j.s.SaveService: Testplan (JMX) version: 2.2. Testlog (JTL) version: 2.2
2018-03-28 12:34:33,365 INFO o.a.j.s.SaveService: Using SaveService properties file encoding UTF-8
2018-03-28 12:34:33,369 INFO o.a.j.s.SaveService: Using SaveService properties version 3.2
2018-03-28 12:34:33,395 INFO o.a.j.s.SaveService: Loading file: C:\Users\Lenovo\Documents\ARCPerformance\performance\ArcPerformanceBuildingOther.jmx
2018-03-28 12:34:33,490 INFO o.a.j.p.h.c.CookieManager: Settings: Delete null: true Check: true Allow variable: true Save: false Prefix: COOKIE_
2018-03-28 12:34:33,495 INFO o.a.j.p.h.c.CacheManager: Will only cache the following methods: [GET]
2018-03-28 12:34:33,537 INFO o.a.j.p.h.s.HTTPSamplerBase: Parser for text/html is org.apache.jmeter.protocol.http.parser.LagartoBasedHtmlParser
2018-03-28 12:34:33,537 INFO o.a.j.p.h.s.HTTPSamplerBase: Parser for application/xhtml+xml is org.apache.jmeter.protocol.http.parser.LagartoBasedHtmlParser
2018-03-28 12:34:33,537 INFO o.a.j.p.h.s.HTTPSamplerBase: Parser for application/xml is org.apache.jmeter.protocol.http.parser.LagartoBasedHtmlParser
2018-03-28 12:34:33,537 INFO o.a.j.p.h.s.HTTPSamplerBase: Parser for text/xml is org.apache.jmeter.protocol.http.parser.LagartoBasedHtmlParser
2018-03-28 12:34:33,537 INFO o.a.j.p.h.s.HTTPSamplerBase: Parser for text/vnd.wap.wml is org.apache.jmeter.protocol.http.parser.RegexpHTMLParser
2018-03-28 12:34:33,537 INFO o.a.j.p.h.s.HTTPSamplerBase: Parser for text/css is org.apache.jmeter.protocol.http.parser.CssParser
2018-03-28 12:34:33,655 INFO o.a.j.JMeter: Creating summariser <summary>
2018-03-28 12:34:33,665 INFO o.a.j.r.d.ReportGenerator: ReportGenerator will use for Parsing the separator: ','
2018-03-28 12:34:33,665 INFO o.a.j.r.d.ReportGenerator: Will generate report at end of test from  results file: C:\Users\Lenovo\Documents\ARCPerformance\performance\ArcPerformanceBuildingOther.jtl
2018-03-28 12:34:33,669 INFO o.a.j.r.d.ReportGenerator: Reading report generator properties from: C:\jmeter\bin\reportgenerator.properties
2018-03-28 12:34:33,669 INFO o.a.j.r.d.ReportGenerator: Merging with JMeter properties
2018-03-28 12:34:33,679 INFO o.a.j.r.c.ReportGeneratorConfiguration: Property 'jmeter.reportgenerator.temp_dir' not found, using default value 'temp' instead.
2018-03-28 12:34:33,681 INFO o.a.j.r.c.ReportGeneratorConfiguration: Property 'jmeter.reportgenerator.apdex_per_transaction' not found, using default value 'null' instead.
2018-03-28 12:34:33,681 INFO o.a.j.r.c.ReportGeneratorConfiguration: apdex_per_transaction : {} is empty, not APDEX per transaction customization
2018-03-28 12:34:33,681 INFO o.a.j.r.c.ReportGeneratorConfiguration: Property 'jmeter.reportgenerator.sample_filter' not found, using default value 'null' instead.
2018-03-28 12:34:33,681 INFO o.a.j.r.c.ReportGeneratorConfiguration: Property 'jmeter.reportgenerator.report_title' not found, using default value 'null' instead.
2018-03-28 12:34:33,681 INFO o.a.j.r.c.ReportGeneratorConfiguration: Property 'jmeter.reportgenerator.start_date' not found, using default value 'null' instead.
2018-03-28 12:34:33,681 INFO o.a.j.r.c.ReportGeneratorConfiguration: Property 'jmeter.reportgenerator.end_date' not found, using default value 'null' instead.
2018-03-28 12:34:33,681 INFO o.a.j.r.c.ReportGeneratorConfiguration: Property 'jmeter.reportgenerator.date_format' not found, using default value 'null' instead.
2018-03-28 12:34:33,685 INFO o.a.j.r.c.ReportGeneratorConfiguration: Will use date range start date: null, end date: null
2018-03-28 12:34:33,690 INFO o.a.j.r.c.ReportGeneratorConfiguration: Property 'jmeter.reportgenerator.graph.activeThreadsOverTime.exclude_controllers' not found, using default value 'false' instead.
2018-03-28 12:34:33,690 INFO o.a.j.r.c.ReportGeneratorConfiguration: Property 'jmeter.reportgenerator.graph.timeVsThreads.exclude_controllers' not found, using default value 'false' instead.
2018-03-28 12:34:33,690 INFO o.a.j.r.c.ReportGeneratorConfiguration: Property 'jmeter.reportgenerator.graph.responseTimeDistribution.exclude_controllers' not found, using default value 'false' instead.
2018-03-28 12:34:33,694 INFO o.a.j.r.c.ReportGeneratorConfiguration: Property 'jmeter.reportgenerator.graph.transactionsPerSecond.exclude_controllers' not found, using default value 'false' instead.
2018-03-28 12:34:33,694 INFO o.a.j.r.c.ReportGeneratorConfiguration: Property 'jmeter.reportgenerator.graph.responseTimePercentiles.exclude_controllers' not found, using default value 'false' instead.
2018-03-28 12:34:33,694 INFO o.a.j.r.c.ReportGeneratorConfiguration: Property 'jmeter.reportgenerator.graph.responseTimePercentilesOverTime.exclude_controllers' not found, using default value 'false' instead.
2018-03-28 12:34:33,694 INFO o.a.j.r.c.ReportGeneratorConfiguration: Property 'jmeter.reportgenerator.graph.responseTimesOverTime.exclude_controllers' not found, using default value 'false' instead.
2018-03-28 12:34:33,694 INFO o.a.j.r.c.ReportGeneratorConfiguration: Property 'jmeter.reportgenerator.graph.connectTimeOverTime.exclude_controllers' not found, using default value 'false' instead.
2018-03-28 12:34:33,694 INFO o.a.j.r.c.ReportGeneratorConfiguration: Property 'jmeter.reportgenerator.graph.latenciesOverTime.exclude_controllers' not found, using default value 'false' instead.
2018-03-28 12:34:33,694 INFO o.a.j.r.c.ReportGeneratorConfiguration: Property 'jmeter.reportgenerator.exporter.html.filters_only_sample_series' not found, using default value 'true' instead.
2018-03-28 12:34:33,699 INFO o.a.j.r.c.ReportGeneratorConfiguration: Property 'jmeter.reportgenerator.exporter.html.series_filter' not found, using default value '' instead.
2018-03-28 12:34:33,699 INFO o.a.j.r.c.ReportGeneratorConfiguration: Property 'jmeter.reportgenerator.exporter.html.show_controllers_only' not found, using default value 'false' instead.
2018-03-28 12:34:33,709 INFO o.a.j.e.StandardJMeterEngine: Running the test!
2018-03-28 12:34:33,709 INFO o.a.j.s.SampleEvent: List of sample_variables: []
2018-03-28 12:34:33,710 INFO o.a.j.s.SampleEvent: List of sample_variables: []
2018-03-28 12:34:33,718 INFO o.a.j.e.u.CompoundVariable: Note: Function class names must contain the string: '.functions.'
2018-03-28 12:34:33,718 INFO o.a.j.e.u.CompoundVariable: Note: Function class names must not contain the string: '.gui.'
2018-03-28 12:34:34,520 INFO o.a.j.JMeter: Running test (1522220674520)
2018-03-28 12:34:34,575 INFO o.a.j.e.StandardJMeterEngine: Starting ThreadGroup: 1 : Thread Group
2018-03-28 12:34:34,575 INFO o.a.j.e.StandardJMeterEngine: Starting 1 threads for group Thread Group.
2018-03-28 12:34:34,575 INFO o.a.j.e.StandardJMeterEngine: Thread will continue on error
2018-03-28 12:34:34,575 INFO o.a.j.t.ThreadGroup: Starting thread group... number=1 threads=1 ramp-up=1 perThread=1000.0 delayedStart=false
2018-03-28 12:34:34,589 INFO o.a.j.t.ThreadGroup: Started thread group number 1
2018-03-28 12:34:34,589 INFO o.a.j.e.StandardJMeterEngine: All thread groups have been started
2018-03-28 12:34:34,604 INFO o.a.j.t.JMeterThread: Thread started: Thread Group 1-1
2018-03-28 12:34:34,607 INFO o.a.j.s.FileServer: Stored: C:\Users\Lenovo\Documents\ARCPerformance\DataDriven.csv
2018-03-28 12:34:35,088 INFO o.a.j.m.JSR223PreProcessor: DATE1=2018-03-27
2018-03-28 12:34:35,127 INFO o.a.j.m.JSR223PreProcessor: DATE1=2018-04-29
2018-03-28 12:34:35,128 INFO o.a.j.m.JSR223PreProcessor: DATE1=2018-06-30
2018-03-28 12:34:35,129 INFO o.a.j.m.JSR223PreProcessor: DATE1=2018-10-01
2018-03-28 12:34:35,130 INFO o.a.j.m.JSR223PreProcessor: DATE1=2019-02-02
2018-03-28 12:34:35,152 INFO o.a.j.p.h.s.HTTPHCAbstractImpl: Local host = G10GNLT049
2018-03-28 12:34:35,161 INFO o.a.j.p.h.s.HTTPHC4Impl: HTTP request retry count = 0
2018-03-28 12:34:35,169 INFO o.a.j.s.SampleResult: Note: Sample TimeStamps are START times
2018-03-28 12:34:35,169 INFO o.a.j.s.SampleResult: sampleresult.default.encoding is set to ISO-8859-1
2018-03-28 12:34:35,169 INFO o.a.j.s.SampleResult: sampleresult.useNanoTime=true
2018-03-28 12:34:35,169 INFO o.a.j.s.SampleResult: sampleresult.nanoThreadSleep=5000
2018-03-28 12:34:35,423 INFO o.a.j.p.h.s.LazySchemeSocketFactory: Setting up HTTPS TrustAll Socket Factory
2018-03-28 12:34:35,438 INFO o.a.j.u.JsseSSLManager: Using default SSL protocol: TLS
2018-03-28 12:34:35,439 INFO o.a.j.u.JsseSSLManager: SSL session context: per-thread
2018-03-28 12:34:36,444 INFO o.a.j.u.SSLManager: JmeterKeyStore Location:  type JKS
2018-03-28 12:34:36,445 INFO o.a.j.u.SSLManager: KeyStore created OK
2018-03-28 12:34:36,445 WARN o.a.j.u.SSLManager: Keystore file not found, loading empty keystore
2018-03-28 12:34:43,680 INFO o.a.j.m.JSR223PreProcessor: DATE1=2018-03-27
2018-03-28 12:34:43,715 INFO o.a.j.m.JSR223PreProcessor: DATE1=2018-04-29
2018-03-28 12:34:43,715 INFO o.a.j.m.JSR223PreProcessor: DATE1=2018-06-30
2018-03-28 12:34:43,715 INFO o.a.j.m.JSR223PreProcessor: DATE1=2018-10-01
2018-03-28 12:34:43,715 INFO o.a.j.m.JSR223PreProcessor: DATE1=2019-02-02
2018-03-28 12:34:43,724 INFO o.a.j.s.FileServer: Stored: C:\apache-jmeter-4.0\apache-jmeter-4.0\bin\agreement.html
2018-03-28 12:34:49,227 INFO o.a.j.m.JSR223PreProcessor: DATE1=2018-03-27
2018-03-28 12:34:49,268 INFO o.a.j.m.JSR223PreProcessor: DATE1=2018-04-29
2018-03-28 12:34:49,268 INFO o.a.j.m.JSR223PreProcessor: DATE1=2018-06-30
2018-03-28 12:34:49,270 INFO o.a.j.m.JSR223PreProcessor: DATE1=2018-10-01
2018-03-28 12:34:49,270 INFO o.a.j.m.JSR223PreProcessor: DATE1=2019-02-02
2018-03-28 12:34:58,734 INFO o.a.j.m.JSR223PreProcessor: DATE1=2018-03-27
2018-03-28 12:34:58,796 INFO o.a.j.m.JSR223PreProcessor: DATE1=2018-04-29
2018-03-28 12:34:58,796 INFO o.a.j.m.JSR223PreProcessor: DATE1=2018-06-30
2018-03-28 12:34:58,797 INFO o.a.j.m.JSR223PreProcessor: DATE1=2018-10-01
2018-03-28 12:34:58,797 INFO o.a.j.m.JSR223PreProcessor: DATE1=2019-02-02
2018-03-28 12:35:00,415 INFO o.a.j.r.Summariser: summary +      4 in 00:00:26 =    0.2/s Avg:  6215 Min:  1614 Max:  9417 Err:     2 (50.00%) Active: 1 Started: 1 Finished: 0
2018-03-28 12:35:00,457 INFO o.a.j.m.JSR223PreProcessor: DATE1=2018-03-27
2018-03-28 12:35:00,488 INFO o.a.j.m.JSR223PreProcessor: DATE1=2018-04-29
2018-03-28 12:35:00,488 INFO o.a.j.m.JSR223PreProcessor: DATE1=2018-06-30
2018-03-28 12:35:00,491 INFO o.a.j.m.JSR223PreProcessor: DATE1=2018-10-01
2018-03-28 12:35:00,491 INFO o.a.j.m.JSR223PreProcessor: DATE1=2019-02-02
2018-03-28 12:35:10,460 INFO o.a.j.m.JSR223PreProcessor: DATE1=2018-03-27
2018-03-28 12:35:10,491 INFO o.a.j.m.JSR223PreProcessor: DATE1=2018-04-29
2018-03-28 12:35:10,491 INFO o.a.j.m.JSR223PreProcessor: DATE1=2018-06-30
2018-03-28 12:35:10,491 INFO o.a.j.m.JSR223PreProcessor: DATE1=2018-10-01
2018-03-28 12:35:10,491 INFO o.a.j.m.JSR223PreProcessor: DATE1=2019-02-02
2018-03-28 12:35:11,769 INFO o.a.j.m.JSR223PreProcessor: DATE1=2018-03-27
2018-03-28 12:35:11,819 INFO o.a.j.m.JSR223PreProcessor: DATE1=2018-04-29
2018-03-28 12:35:11,819 INFO o.a.j.m.JSR223PreProcessor: DATE1=2018-06-30
2018-03-28 12:35:11,819 INFO o.a.j.m.JSR223PreProcessor: DATE1=2018-10-01
2018-03-28 12:35:11,819 INFO o.a.j.m.JSR223PreProcessor: DATE1=2019-02-02
2018-03-28 12:35:13,944 INFO o.a.j.m.JSR223PreProcessor: DATE1=2018-03-27
2018-03-28 12:35:13,978 INFO o.a.j.m.JSR223PreProcessor: DATE1=2018-04-29
2018-03-28 12:35:13,979 INFO o.a.j.m.JSR223PreProcessor: DATE1=2018-06-30
2018-03-28 12:35:13,979 INFO o.a.j.m.JSR223PreProcessor: DATE1=2018-10-01
2018-03-28 12:35:13,979 INFO o.a.j.m.JSR223PreProcessor: DATE1=2019-02-02
2018-03-28 12:35:15,031 INFO o.a.j.m.JSR223PreProcessor: DATE1=2018-03-27
2018-03-28 12:35:15,069 INFO o.a.j.m.JSR223PreProcessor: DATE1=2018-04-29
2018-03-28 12:35:15,069 INFO o.a.j.m.JSR223PreProcessor: DATE1=2018-06-30
2018-03-28 12:35:15,069 INFO o.a.j.m.JSR223PreProcessor: DATE1=2018-10-01
2018-03-28 12:35:15,070 INFO o.a.j.m.JSR223PreProcessor: DATE1=2019-02-02
2018-03-28 12:35:17,373 INFO o.a.j.m.JSR223PreProcessor: DATE1=2018-03-27
2018-03-28 12:35:17,407 INFO o.a.j.m.JSR223PreProcessor: DATE1=2018-04-29
2018-03-28 12:35:17,408 INFO o.a.j.m.JSR223PreProcessor: DATE1=2018-06-30
2018-03-28 12:35:17,408 INFO o.a.j.m.JSR223PreProcessor: DATE1=2018-10-01
2018-03-28 12:35:17,408 INFO o.a.j.m.JSR223PreProcessor: DATE1=2019-02-02
2018-03-28 12:35:19,271 INFO o.a.j.m.JSR223PreProcessor: DATE1=2018-03-27
2018-03-28 12:35:19,310 INFO o.a.j.m.JSR223PreProcessor: DATE1=2018-04-29
2018-03-28 12:35:19,311 INFO o.a.j.m.JSR223PreProcessor: DATE1=2018-06-30
2018-03-28 12:35:19,312 INFO o.a.j.m.JSR223PreProcessor: DATE1=2018-10-01
2018-03-28 12:35:19,312 INFO o.a.j.m.JSR223PreProcessor: DATE1=2019-02-02
2018-03-28 12:35:22,254 INFO o.a.j.m.JSR223PreProcessor: DATE1=2018-03-27
2018-03-28 12:35:22,286 INFO o.a.j.m.JSR223PreProcessor: DATE1=2018-04-29
2018-03-28 12:35:22,286 INFO o.a.j.m.JSR223PreProcessor: DATE1=2018-06-30
2018-03-28 12:35:22,286 INFO o.a.j.m.JSR223PreProcessor: DATE1=2018-10-01
2018-03-28 12:35:22,287 INFO o.a.j.m.JSR223PreProcessor: DATE1=2019-02-02
2018-03-28 12:35:28,072 INFO o.a.j.m.JSR223PreProcessor: DATE1=2018-03-27
2018-03-28 12:35:28,105 INFO o.a.j.m.JSR223PreProcessor: DATE1=2018-04-29
2018-03-28 12:35:28,109 INFO o.a.j.m.JSR223PreProcessor: DATE1=2018-06-30
2018-03-28 12:35:28,109 INFO o.a.j.m.JSR223PreProcessor: DATE1=2018-10-01
2018-03-28 12:35:28,109 INFO o.a.j.m.JSR223PreProcessor: DATE1=2019-02-02
2018-03-28 12:35:30,915 INFO o.a.j.r.Summariser: summary +      9 in 00:00:31 =    0.3/s Avg:  3313 Min:  1013 Max:  9927 Err:     1 (11.11%) Active: 1 Started: 1 Finished: 0
2018-03-28 12:35:30,916 INFO o.a.j.r.Summariser: summary =     13 in 00:00:56 =    0.2/s Avg:  4206 Min:  1013 Max:  9927 Err:     3 (23.08%)
2018-03-28 12:35:30,951 INFO o.a.j.m.JSR223PreProcessor: DATE1=2018-03-27
2018-03-28 12:35:30,982 INFO o.a.j.m.JSR223PreProcessor: DATE1=2018-04-29
2018-03-28 12:35:30,982 INFO o.a.j.m.JSR223PreProcessor: DATE1=2018-06-30
2018-03-28 12:35:30,983 INFO o.a.j.m.JSR223PreProcessor: DATE1=2018-10-01
2018-03-28 12:35:30,983 INFO o.a.j.m.JSR223PreProcessor: DATE1=2019-02-02
2018-03-28 12:35:33,614 INFO o.a.j.m.JSR223PreProcessor: DATE1=2018-03-27
2018-03-28 12:35:33,654 INFO o.a.j.m.JSR223PreProcessor: DATE1=2018-04-29
2018-03-28 12:35:33,655 INFO o.a.j.m.JSR223PreProcessor: DATE1=2018-06-30
2018-03-28 12:35:33,655 INFO o.a.j.m.JSR223PreProcessor: DATE1=2018-10-01
2018-03-28 12:35:33,655 INFO o.a.j.m.JSR223PreProcessor: DATE1=2019-02-02
2018-03-28 12:35:36,058 INFO o.a.j.m.JSR223PreProcessor: DATE1=2018-03-27
2018-03-28 12:35:36,108 INFO o.a.j.m.JSR223PreProcessor: DATE1=2018-04-29
2018-03-28 12:35:36,109 INFO o.a.j.m.JSR223PreProcessor: DATE1=2018-06-30
2018-03-28 12:35:36,109 INFO o.a.j.m.JSR223PreProcessor: DATE1=2018-10-01
2018-03-28 12:35:36,109 INFO o.a.j.m.JSR223PreProcessor: DATE1=2019-02-02
2018-03-28 12:35:38,119 INFO o.a.j.m.JSR223PreProcessor: DATE1=2018-03-27
2018-03-28 12:35:38,141 INFO o.a.j.m.JSR223PreProcessor: DATE1=2018-04-29
2018-03-28 12:35:38,142 INFO o.a.j.m.JSR223PreProcessor: DATE1=2018-06-30
2018-03-28 12:35:38,142 INFO o.a.j.m.JSR223PreProcessor: DATE1=2018-10-01
2018-03-28 12:35:38,143 INFO o.a.j.m.JSR223PreProcessor: DATE1=2019-02-02
2018-03-28 12:35:39,208 INFO o.a.j.m.JSR223PreProcessor: DATE1=2018-03-27
2018-03-28 12:35:39,245 INFO o.a.j.m.JSR223PreProcessor: DATE1=2018-04-29
2018-03-28 12:35:39,246 INFO o.a.j.m.JSR223PreProcessor: DATE1=2018-06-30
2018-03-28 12:35:39,246 INFO o.a.j.m.JSR223PreProcessor: DATE1=2018-10-01
2018-03-28 12:35:39,246 INFO o.a.j.m.JSR223PreProcessor: DATE1=2019-02-02
2018-03-28 12:35:39,561 INFO o.a.j.m.JSR223PreProcessor: DATE1=2018-03-27
2018-03-28 12:35:39,588 INFO o.a.j.m.JSR223PreProcessor: DATE1=2018-04-29
2018-03-28 12:35:39,588 INFO o.a.j.m.JSR223PreProcessor: DATE1=2018-06-30
2018-03-28 12:35:39,588 INFO o.a.j.m.JSR223PreProcessor: DATE1=2018-10-01
2018-03-28 12:35:39,589 INFO o.a.j.m.JSR223PreProcessor: DATE1=2019-02-02
2018-03-28 12:35:39,956 INFO o.a.j.m.JSR223PreProcessor: DATE1=2018-03-27
2018-03-28 12:35:40,001 INFO o.a.j.m.JSR223PreProcessor: DATE1=2018-04-29
2018-03-28 12:35:40,002 INFO o.a.j.m.JSR223PreProcessor: DATE1=2018-06-30
2018-03-28 12:35:40,002 INFO o.a.j.m.JSR223PreProcessor: DATE1=2018-10-01
2018-03-28 12:35:40,002 INFO o.a.j.m.JSR223PreProcessor: DATE1=2019-02-02
2018-03-28 12:35:42,397 INFO o.a.j.m.JSR223PreProcessor: DATE1=2018-03-27
2018-03-28 12:35:42,412 INFO o.a.j.m.JSR223PreProcessor: DATE1=2018-04-29
2018-03-28 12:35:42,413 INFO o.a.j.m.JSR223PreProcessor: DATE1=2018-06-30
2018-03-28 12:35:42,413 INFO o.a.j.m.JSR223PreProcessor: DATE1=2018-10-01
2018-03-28 12:35:42,413 INFO o.a.j.m.JSR223PreProcessor: DATE1=2019-02-02
2018-03-28 12:35:44,458 INFO o.a.j.m.JSR223PreProcessor: DATE1=2018-03-27
2018-03-28 12:35:44,484 INFO o.a.j.m.JSR223PreProcessor: DATE1=2018-04-29
2018-03-28 12:35:44,484 INFO o.a.j.m.JSR223PreProcessor: DATE1=2018-06-30
2018-03-28 12:35:44,484 INFO o.a.j.m.JSR223PreProcessor: DATE1=2018-10-01
2018-03-28 12:35:44,484 INFO o.a.j.m.JSR223PreProcessor: DATE1=2019-02-02
2018-03-28 12:35:46,303 INFO o.a.j.m.JSR223PreProcessor: DATE1=2018-03-27
2018-03-28 12:35:46,339 INFO o.a.j.m.JSR223PreProcessor: DATE1=2018-04-29
2018-03-28 12:35:46,342 INFO o.a.j.m.JSR223PreProcessor: DATE1=2018-06-30
2018-03-28 12:35:46,342 INFO o.a.j.m.JSR223PreProcessor: DATE1=2018-10-01
2018-03-28 12:35:46,342 INFO o.a.j.m.JSR223PreProcessor: DATE1=2019-02-02
2018-03-28 12:35:46,711 INFO o.a.j.m.JSR223PreProcessor: DATE1=2018-03-27
2018-03-28 12:35:46,748 INFO o.a.j.m.JSR223PreProcessor: DATE1=2018-04-29
2018-03-28 12:35:46,748 INFO o.a.j.m.JSR223PreProcessor: DATE1=2018-06-30
2018-03-28 12:35:46,748 INFO o.a.j.m.JSR223PreProcessor: DATE1=2018-10-01
2018-03-28 12:35:46,748 INFO o.a.j.m.JSR223PreProcessor: DATE1=2019-02-02
2018-03-28 12:35:47,636 INFO o.a.j.m.JSR223PreProcessor: DATE1=2018-03-27
2018-03-28 12:35:47,668 INFO o.a.j.m.JSR223PreProcessor: DATE1=2018-04-29
2018-03-28 12:35:47,669 INFO o.a.j.m.JSR223PreProcessor: DATE1=2018-06-30
2018-03-28 12:35:47,670 INFO o.a.j.m.JSR223PreProcessor: DATE1=2018-10-01
2018-03-28 12:35:47,670 INFO o.a.j.m.JSR223PreProcessor: DATE1=2019-02-02
2018-03-28 12:35:48,136 INFO o.a.j.p.h.p.BaseParser: Created org.apache.jmeter.protocol.http.parser.LagartoBasedHtmlParser
2018-03-28 12:35:48,210 INFO o.a.j.m.JSR223PreProcessor: DATE1=2018-03-27
2018-03-28 12:35:48,236 INFO o.a.j.m.JSR223PreProcessor: DATE1=2018-04-29
2018-03-28 12:35:48,236 INFO o.a.j.m.JSR223PreProcessor: DATE1=2018-06-30
2018-03-28 12:35:48,236 INFO o.a.j.m.JSR223PreProcessor: DATE1=2018-10-01
2018-03-28 12:35:48,236 INFO o.a.j.m.JSR223PreProcessor: DATE1=2019-02-02
2018-03-28 12:35:50,988 INFO o.a.j.t.JMeterThread: Thread is done: Thread Group 1-1
2018-03-28 12:35:50,988 INFO o.a.j.t.JMeterThread: Thread finished: Thread Group 1-1
2018-03-28 12:35:50,990 INFO o.a.j.e.StandardJMeterEngine: Notifying test listeners of end of test
2018-03-28 12:35:50,991 INFO o.a.j.s.FileServer: Close: C:\Users\Lenovo\Documents\ARCPerformance\DataDriven.csv
2018-03-28 12:35:51,126 INFO o.a.j.r.Summariser: summary +     13 in 00:00:20 =    0.6/s Avg:  1471 Min:   277 Max:  2749 Err:     0 (0.00%) Active: 0 Started: 1 Finished: 1
2018-03-28 12:35:51,127 INFO o.a.j.r.Summariser: summary =     26 in 00:01:17 =    0.3/s Avg:  2839 Min:   277 Max:  9927 Err:     3 (11.54%)
2018-03-28 12:35:51,128 INFO o.a.j.JMeter: Generating Dashboard
2018-03-28 12:35:51,128 INFO o.a.j.r.d.ReportGenerator: Flushing result collector before report Generation
2018-03-28 12:35:51,149 INFO o.a.j.r.p.NormalizerSampleConsumer: Using format, 'ms', to parse timeStamp field
2018-03-28 12:35:51,350 INFO o.a.j.r.p.AbstractSampleConsumer: class org.apache.jmeter.report.processor.AggregateConsumer#stopProducing(): beginDate produced 0 samples
2018-03-28 12:35:51,350 INFO o.a.j.r.p.AbstractSampleConsumer: class org.apache.jmeter.report.processor.AggregateConsumer#stopProducing(): endDate produced 0 samples
2018-03-28 12:35:51,355 INFO o.a.j.r.p.AbstractSampleConsumer: class org.apache.jmeter.report.processor.ApdexSummaryConsumer#stopProducing(): apdexSummary produced 0 samples
2018-03-28 12:35:51,355 INFO o.a.j.r.p.AbstractSampleConsumer: class org.apache.jmeter.report.processor.RequestsSummaryConsumer#stopProducing(): requestsSummary produced 0 samples
2018-03-28 12:35:51,362 INFO o.a.j.r.p.AbstractSampleConsumer: class org.apache.jmeter.report.processor.StatisticsSummaryConsumer#stopProducing(): statisticsSummary produced 0 samples
2018-03-28 12:35:51,364 INFO o.a.j.r.p.AbstractSampleConsumer: class org.apache.jmeter.report.processor.Top5ErrorsBySamplerConsumer#stopProducing(): top5ErrorsBySampler produced 0 samples
2018-03-28 12:35:51,364 INFO o.a.j.r.p.AbstractSampleConsumer: class org.apache.jmeter.report.processor.ErrorsSummaryConsumer#stopProducing(): errorsSummary produced 0 samples
2018-03-28 12:35:51,364 INFO o.a.j.r.p.AbstractSampleConsumer: class org.apache.jmeter.report.processor.graph.impl.HitsPerSecondGraphConsumer#stopProducing(): hitsPerSecond produced 0 samples
2018-03-28 12:35:51,379 INFO o.a.j.r.p.AbstractSampleConsumer: class org.apache.jmeter.report.processor.graph.impl.LatencyVSRequestGraphConsumer#stopProducing(): latencyVsRequest produced 0 samples
2018-03-28 12:35:51,379 INFO o.a.j.r.p.AbstractSampleConsumer: class org.apache.jmeter.report.processor.graph.impl.SyntheticResponseTimeDistributionGraphConsumer#stopProducing(): syntheticResponseTimeDistribution produced 0 samples
2018-03-28 12:35:51,379 INFO o.a.j.r.p.AbstractSampleConsumer: class org.apache.jmeter.report.processor.graph.impl.BytesThroughputGraphConsumer#stopProducing(): bytesThroughputOverTime produced 0 samples
2018-03-28 12:35:51,379 INFO o.a.j.r.p.AbstractSampleConsumer: class org.apache.jmeter.report.processor.graph.impl.CodesPerSecondGraphConsumer#stopProducing(): codesPerSecond produced 0 samples
2018-03-28 12:35:51,386 INFO o.a.j.r.p.AbstractSampleConsumer: class org.apache.jmeter.report.processor.graph.impl.ResponseTimeVSRequestGraphConsumer#stopProducing(): responseTimeVsRequest produced 0 samples
2018-03-28 12:35:51,386 INFO o.a.j.r.p.AbstractSampleConsumer: class org.apache.jmeter.report.processor.FilterConsumer#stopProducing(): startIntervalControlerFilter produced 182 samples
2018-03-28 12:35:51,386 INFO o.a.j.r.p.AbstractSampleConsumer: class org.apache.jmeter.report.processor.graph.impl.ActiveThreadsGraphConsumer#stopProducing(): activeThreadsOverTime produced 0 samples
2018-03-28 12:35:51,386 INFO o.a.j.r.p.AbstractSampleConsumer: class org.apache.jmeter.report.processor.graph.impl.TimeVSThreadGraphConsumer#stopProducing(): timeVsThreads produced 0 samples
2018-03-28 12:35:51,388 INFO o.a.j.r.p.AbstractSampleConsumer: class org.apache.jmeter.report.processor.graph.impl.ResponseTimeDistributionGraphConsumer#stopProducing(): responseTimeDistribution produced 0 samples
2018-03-28 12:35:51,389 INFO o.a.j.r.p.AbstractSampleConsumer: class org.apache.jmeter.report.processor.graph.impl.TransactionsPerSecondGraphConsumer#stopProducing(): transactionsPerSecond produced 0 samples
2018-03-28 12:35:51,389 INFO o.a.j.r.p.AbstractSampleConsumer: class org.apache.jmeter.report.processor.graph.impl.ResponseTimePercentilesGraphConsumer#stopProducing(): responseTimePercentiles produced 0 samples
2018-03-28 12:35:51,403 INFO o.a.j.r.p.AbstractSampleConsumer: class org.apache.jmeter.report.processor.graph.impl.ResponseTimePercentilesOverTimeGraphConsumer#stopProducing(): responseTimePercentilesOverTime produced 0 samples
2018-03-28 12:35:51,404 INFO o.a.j.r.p.AbstractSampleConsumer: class org.apache.jmeter.report.processor.graph.impl.ResponseTimeOverTimeGraphConsumer#stopProducing(): responseTimesOverTime produced 0 samples
2018-03-28 12:35:51,404 INFO o.a.j.r.p.AbstractSampleConsumer: class org.apache.jmeter.report.processor.graph.impl.ConnectTimeOverTimeGraphConsumer#stopProducing(): connectTimeOverTime produced 0 samples
2018-03-28 12:35:51,405 INFO o.a.j.r.p.AbstractSampleConsumer: class org.apache.jmeter.report.processor.graph.impl.LatencyOverTimeGraphConsumer#stopProducing(): latenciesOverTime produced 0 samples
2018-03-28 12:35:51,405 INFO o.a.j.r.p.AbstractSampleConsumer: class org.apache.jmeter.report.processor.FilterConsumer#stopProducing(): nameFilter produced 364 samples
2018-03-28 12:35:51,405 INFO o.a.j.r.p.AbstractSampleConsumer: class org.apache.jmeter.report.processor.FilterConsumer#stopProducing(): dateRangeFilter produced 78 samples
2018-03-28 12:35:51,405 INFO o.a.j.r.p.AbstractSampleConsumer: class org.apache.jmeter.report.processor.NormalizerSampleConsumer#stopProducing(): normalizer produced 26 samples
2018-03-28 12:35:51,405 INFO o.a.j.r.p.CsvFileSampleSource: produce(): 26 samples produced in 182ms on channel 0
2018-03-28 12:35:51,405 INFO o.a.j.r.d.ReportGenerator: Exporting data using exporter:'html' of className:'org.apache.jmeter.report.dashboard.HtmlTemplateExporter'
2018-03-28 12:35:51,409 INFO o.a.j.r.d.HtmlTemplateExporter: Will generate dashboard in folder: C:\Report
2018-03-28 12:35:51,592 INFO o.a.j.r.d.HtmlTemplateExporter: Report will be generated in: C:\Report, creating folder structure
2018-03-28 12:35:53,928 INFO o.a.j.JMeter: Dashboard generated
